[debug] [2023-06-28T19:09:13.499Z] ----------------------------------------------------------------------
[debug] [2023-06-28T19:09:13.501Z] Command:       C:\Program Files\nodejs\node.exe C:\Users\jazib\AppData\Roaming\npm\node_modules\firebase-tools\lib\bin\firebase.js init
[debug] [2023-06-28T19:09:13.502Z] CLI Version:   12.4.1
[debug] [2023-06-28T19:09:13.502Z] Platform:      win32
[debug] [2023-06-28T19:09:13.502Z] Node Version:  v18.16.1
[debug] [2023-06-28T19:09:13.503Z] Time:          Thu Jun 29 2023 00:39:13 GMT+0530 (India Standard Time)
[debug] [2023-06-28T19:09:13.503Z] ----------------------------------------------------------------------
[debug] 
[debug] [2023-06-28T19:09:13.573Z] > command requires scopes: ["email","openid","https://www.googleapis.com/auth/cloudplatformprojects.readonly","https://www.googleapis.com/auth/firebase","https://www.googleapis.com/auth/cloud-platform"]
[debug] [2023-06-28T19:09:13.574Z] > authorizing via signed-in user (jazibbashar@gmail.com)
[info] 
     ######## #### ########  ######## ########     ###     ######  ########
     ##        ##  ##     ## ##       ##     ##  ##   ##  ##       ##
     ######    ##  ########  ######   ########  #########  ######  ######
     ##        ##  ##    ##  ##       ##     ## ##     ##       ## ##
     ##       #### ##     ## ######## ########  ##     ##  ######  ########

You're about to initialize a Firebase project in this directory:

  C:\Users\jazib\OneDrive\Desktop\Assignments\amazon-clone

Before we get started, keep in mind:

  * You are initializing within an existing Firebase project directory

[debug] [2023-06-28T19:10:18.323Z] Error: Timed out.
    at Timeout._onTimeout (C:\Users\jazib\AppData\Roaming\npm\node_modules\firebase-tools\lib\utils.js:254:49)
    at listOnTimeout (node:internal/timers:569:17)
    at process.processTimers (node:internal/timers:512:7)
[error] 
[error] Error: An unexpected error has occurred.
